Analysis & Synthesis report for lab3
Mon Jan 29 09:50:30 2024
Quartus Prime Version 18.1.0 Build 625 09/12/2018 SJ Lite Edition


---------------------
; Table of Contents ;
---------------------
  1. Legal Notice
  2. Analysis & Synthesis Summary
  3. Analysis & Synthesis Settings
  4. Parallel Compilation
  5. Analysis & Synthesis Source Files Read
  6. Analysis & Synthesis Resource Usage Summary
  7. Analysis & Synthesis Resource Utilization by Entity
  8. Registers Removed During Synthesis
  9. General Register Statistics
 10. Multiplexer Restructuring Statistics (Restructuring Performed)
 11. Source assignments for Top-level Entity: |lab3
 12. Parameter Settings for User Entity Instance: tonegen:tonegen_1
 13. Post-Synthesis Netlist Statistics for Top Partition
 14. Elapsed Time Per Partition
 15. Analysis & Synthesis Messages



----------------
; Legal Notice ;
----------------
Copyright (C) 2018  Intel Corporation. All rights reserved.
Your use of Intel Corporation's design tools, logic functions 
and other software and tools, and its AMPP partner logic 
functions, and any output files from any of the foregoing 
(including device programming or simulation files), and any 
associated documentation or information are expressly subject 
to the terms and conditions of the Intel Program License 
Subscription Agreement, the Intel Quartus Prime License Agreement,
the Intel FPGA IP License Agreement, or other applicable license
agreement, including, without limitation, that your use is for
the sole purpose of programming logic devices manufactured by
Intel and sold by Intel or its authorized distributors.  Please
refer to the applicable agreement for further details.



+-------------------------------------------------------------------------------+
; Analysis & Synthesis Summary                                                  ;
+---------------------------------+---------------------------------------------+
; Analysis & Synthesis Status     ; Successful - Mon Jan 29 09:50:30 2024       ;
; Quartus Prime Version           ; 18.1.0 Build 625 09/12/2018 SJ Lite Edition ;
; Revision Name                   ; lab3                                        ;
; Top-level Entity Name           ; lab3                                        ;
; Family                          ; Cyclone V                                   ;
; Logic utilization (in ALMs)     ; N/A                                         ;
; Total registers                 ; 82                                          ;
; Total pins                      ; 20                                          ;
; Total virtual pins              ; 0                                           ;
; Total block memory bits         ; 0                                           ;
; Total DSP Blocks                ; 0                                           ;
; Total HSSI RX PCSs              ; 0                                           ;
; Total HSSI PMA RX Deserializers ; 0                                           ;
; Total HSSI TX PCSs              ; 0                                           ;
; Total HSSI PMA TX Serializers   ; 0                                           ;
; Total PLLs                      ; 0                                           ;
; Total DLLs                      ; 0                                           ;
+---------------------------------+---------------------------------------------+


+---------------------------------------------------------------------------------------------------------------------------+
; Analysis & Synthesis Settings                                                                                             ;
+---------------------------------------------------------------------------------+--------------------+--------------------+
; Option                                                                          ; Setting            ; Default Value      ;
+---------------------------------------------------------------------------------+--------------------+--------------------+
; Device                                                                          ; 5CSEMA4U23C6       ;                    ;
; Top-level entity name                                                           ; lab3               ; lab3               ;
; Family name                                                                     ; Cyclone V          ; Cyclone V          ;
; Use smart compilation                                                           ; Off                ; Off                ;
; Enable parallel Assembler and Timing Analyzer during compilation                ; On                 ; On                 ;
; Enable compact report table                                                     ; Off                ; Off                ;
; Restructure Multiplexers                                                        ; Auto               ; Auto               ;
; MLAB Add Timing Constraints For Mixed-Port Feed-Through Mode Setting Don't Care ; Off                ; Off                ;
; Create Debugging Nodes for IP Cores                                             ; Off                ; Off                ;
; Preserve fewer node names                                                       ; On                 ; On                 ;
; Intel FPGA IP Evaluation Mode                                                   ; Enable             ; Enable             ;
; Verilog Version                                                                 ; Verilog_2001       ; Verilog_2001       ;
; VHDL Version                                                                    ; VHDL_1993          ; VHDL_1993          ;
; State Machine Processing                                                        ; Auto               ; Auto               ;
; Safe State Machine                                                              ; Off                ; Off                ;
; Extract Verilog State Machines                                                  ; On                 ; On                 ;
; Extract VHDL State Machines                                                     ; On                 ; On                 ;
; Ignore Verilog initial constructs                                               ; Off                ; Off                ;
; Iteration limit for constant Verilog loops                                      ; 5000               ; 5000               ;
; Iteration limit for non-constant Verilog loops                                  ; 250                ; 250                ;
; Add Pass-Through Logic to Inferred RAMs                                         ; On                 ; On                 ;
; Infer RAMs from Raw Logic                                                       ; On                 ; On                 ;
; Parallel Synthesis                                                              ; On                 ; On                 ;
; DSP Block Balancing                                                             ; Auto               ; Auto               ;
; NOT Gate Push-Back                                                              ; On                 ; On                 ;
; Power-Up Don't Care                                                             ; On                 ; On                 ;
; Remove Redundant Logic Cells                                                    ; Off                ; Off                ;
; Remove Duplicate Registers                                                      ; On                 ; On                 ;
; Ignore CARRY Buffers                                                            ; Off                ; Off                ;
; Ignore CASCADE Buffers                                                          ; Off                ; Off                ;
; Ignore GLOBAL Buffers                                                           ; Off                ; Off                ;
; Ignore ROW GLOBAL Buffers                                                       ; Off                ; Off                ;
; Ignore LCELL Buffers                                                            ; Off                ; Off                ;
; Ignore SOFT Buffers                                                             ; On                 ; On                 ;
; Limit AHDL Integers to 32 Bits                                                  ; Off                ; Off                ;
; Optimization Technique                                                          ; Balanced           ; Balanced           ;
; Carry Chain Length                                                              ; 70                 ; 70                 ;
; Auto Carry Chains                                                               ; On                 ; On                 ;
; Auto Open-Drain Pins                                                            ; On                 ; On                 ;
; Perform WYSIWYG Primitive Resynthesis                                           ; Off                ; Off                ;
; Auto ROM Replacement                                                            ; On                 ; On                 ;
; Auto RAM Replacement                                                            ; On                 ; On                 ;
; Auto DSP Block Replacement                                                      ; On                 ; On                 ;
; Auto Shift Register Replacement                                                 ; Auto               ; Auto               ;
; Allow Shift Register Merging across Hierarchies                                 ; Auto               ; Auto               ;
; Auto Clock Enable Replacement                                                   ; On                 ; On                 ;
; Strict RAM Replacement                                                          ; Off                ; Off                ;
; Allow Synchronous Control Signals                                               ; On                 ; On                 ;
; Force Use of Synchronous Clear Signals                                          ; Off                ; Off                ;
; Auto Resource Sharing                                                           ; Off                ; Off                ;
; Allow Any RAM Size For Recognition                                              ; Off                ; Off                ;
; Allow Any ROM Size For Recognition                                              ; Off                ; Off                ;
; Allow Any Shift Register Size For Recognition                                   ; Off                ; Off                ;
; Use LogicLock Constraints during Resource Balancing                             ; On                 ; On                 ;
; Ignore translate_off and synthesis_off directives                               ; Off                ; Off                ;
; Timing-Driven Synthesis                                                         ; On                 ; On                 ;
; Report Parameter Settings                                                       ; On                 ; On                 ;
; Report Source Assignments                                                       ; On                 ; On                 ;
; Report Connectivity Checks                                                      ; On                 ; On                 ;
; Ignore Maximum Fan-Out Assignments                                              ; Off                ; Off                ;
; Synchronization Register Chain Length                                           ; 3                  ; 3                  ;
; Power Optimization During Synthesis                                             ; Normal compilation ; Normal compilation ;
; HDL message level                                                               ; Level2             ; Level2             ;
; Suppress Register Optimization Related Messages                                 ; Off                ; Off                ;
; Number of Removed Registers Reported in Synthesis Report                        ; 5000               ; 5000               ;
; Number of Swept Nodes Reported in Synthesis Report                              ; 5000               ; 5000               ;
; Number of Inverted Registers Reported in Synthesis Report                       ; 100                ; 100                ;
; Clock MUX Protection                                                            ; On                 ; On                 ;
; Auto Gated Clock Conversion                                                     ; Off                ; Off                ;
; Block Design Naming                                                             ; Auto               ; Auto               ;
; SDC constraint protection                                                       ; Off                ; Off                ;
; Synthesis Effort                                                                ; Auto               ; Auto               ;
; Shift Register Replacement - Allow Asynchronous Clear Signal                    ; On                 ; On                 ;
; Pre-Mapping Resynthesis Optimization                                            ; Off                ; Off                ;
; Analysis & Synthesis Message Level                                              ; Medium             ; Medium             ;
; Disable Register Merging Across Hierarchies                                     ; Auto               ; Auto               ;
; Resource Aware Inference For Block RAM                                          ; On                 ; On                 ;
; Automatic Parallel Synthesis                                                    ; On                 ; On                 ;
; Partial Reconfiguration Bitstream ID                                            ; Off                ; Off                ;
+---------------------------------------------------------------------------------+--------------------+--------------------+


+------------------------------------------+
; Parallel Compilation                     ;
+----------------------------+-------------+
; Processors                 ; Number      ;
+----------------------------+-------------+
; Number detected on machine ; 4           ;
; Maximum allowed            ; 2           ;
;                            ;             ;
; Average used               ; 1.00        ;
; Maximum used               ; 2           ;
;                            ;             ;
; Usage by Processor         ; % Time Used ;
;     Processor 1            ; 100.0%      ;
;     Processor 2            ;   0.0%      ;
+----------------------------+-------------+


+------------------------------------------------------------------------------------------------------------------------------------------------------------------------------------------+
; Analysis & Synthesis Source Files Read                                                                                                                                                   ;
+----------------------------------+-----------------+------------------------------+--------------------------------------------------------------------------------------------+---------+
; File Name with User-Entered Path ; Used in Netlist ; File Type                    ; File Name with Absolute Path                                                               ; Library ;
+----------------------------------+-----------------+------------------------------+--------------------------------------------------------------------------------------------+---------+
; decode7.sv                       ; yes             ; User SystemVerilog HDL File  ; C:/Users/nicws/OneDrive/Desktop/2nd year Beng/Term 6/ELEX 7660/Labs/x7660/Lab3/decode7.sv  ;         ;
; decode2.sv                       ; yes             ; User SystemVerilog HDL File  ; C:/Users/nicws/OneDrive/Desktop/2nd year Beng/Term 6/ELEX 7660/Labs/x7660/Lab3/decode2.sv  ;         ;
; tonegen.sv                       ; yes             ; User SystemVerilog HDL File  ; C:/Users/nicws/OneDrive/Desktop/2nd year Beng/Term 6/ELEX 7660/Labs/x7660/Lab3/tonegen.sv  ;         ;
; lab3.sv                          ; yes             ; User SystemVerilog HDL File  ; C:/Users/nicws/OneDrive/Desktop/2nd year Beng/Term 6/ELEX 7660/Labs/x7660/Lab3/lab3.sv     ;         ;
; encoder.sv                       ; yes             ; User SystemVerilog HDL File  ; C:/Users/nicws/OneDrive/Desktop/2nd year Beng/Term 6/ELEX 7660/Labs/x7660/Lab3/encoder.sv  ;         ;
; enc2freq.sv                      ; yes             ; User SystemVerilog HDL File  ; C:/Users/nicws/OneDrive/Desktop/2nd year Beng/Term 6/ELEX 7660/Labs/x7660/Lab3/enc2freq.sv ;         ;
+----------------------------------+-----------------+------------------------------+--------------------------------------------------------------------------------------------+---------+


+--------------------------------------------------------------+
; Analysis & Synthesis Resource Usage Summary                  ;
+---------------------------------------------+----------------+
; Resource                                    ; Usage          ;
+---------------------------------------------+----------------+
; Estimate of Logic utilization (ALMs needed) ; 110            ;
;                                             ;                ;
; Combinational ALUT usage for logic          ; 188            ;
;     -- 7 input functions                    ; 0              ;
;     -- 6 input functions                    ; 30             ;
;     -- 5 input functions                    ; 10             ;
;     -- 4 input functions                    ; 28             ;
;     -- <=3 input functions                  ; 120            ;
;                                             ;                ;
; Dedicated logic registers                   ; 82             ;
;                                             ;                ;
; I/O pins                                    ; 20             ;
;                                             ;                ;
; Total DSP Blocks                            ; 0              ;
;                                             ;                ;
; Maximum fan-out node                        ; CLOCK_50~input ;
; Maximum fan-out                             ; 82             ;
; Total fan-out                               ; 863            ;
; Average fan-out                             ; 2.78           ;
+---------------------------------------------+----------------+


+----------------------------------------------------------------------------------------------------------------------------------------------------------------------------------------------+
; Analysis & Synthesis Resource Utilization by Entity                                                                                                                                          ;
+----------------------------+---------------------+---------------------------+-------------------+------------+------+--------------+---------------------------+-------------+--------------+
; Compilation Hierarchy Node ; Combinational ALUTs ; Dedicated Logic Registers ; Block Memory Bits ; DSP Blocks ; Pins ; Virtual Pins ; Full Hierarchy Name       ; Entity Name ; Library Name ;
+----------------------------+---------------------+---------------------------+-------------------+------------+------+--------------+---------------------------+-------------+--------------+
; |lab3                      ; 188 (23)            ; 82 (16)                   ; 0                 ; 0          ; 20   ; 0            ; |lab3                     ; lab3        ; work         ;
;    |decode2:decode2_0|     ; 1 (1)               ; 0 (0)                     ; 0                 ; 0          ; 0    ; 0            ; |lab3|decode2:decode2_0   ; decode2     ; work         ;
;    |decode7:decode7_0|     ; 7 (7)               ; 0 (0)                     ; 0                 ; 0          ; 0    ; 0            ; |lab3|decode7:decode7_0   ; decode7     ; work         ;
;    |enc2freq:enc2freq_1|   ; 53 (53)             ; 26 (26)                   ; 0                 ; 0          ; 0    ; 0            ; |lab3|enc2freq:enc2freq_1 ; enc2freq    ; work         ;
;    |encoder:encoder_1|     ; 2 (2)               ; 6 (6)                     ; 0                 ; 0          ; 0    ; 0            ; |lab3|encoder:encoder_1   ; encoder     ; work         ;
;    |tonegen:tonegen_1|     ; 102 (102)           ; 34 (34)                   ; 0                 ; 0          ; 0    ; 0            ; |lab3|tonegen:tonegen_1   ; tonegen     ; work         ;
+----------------------------+---------------------+---------------------------+-------------------+------------+------+--------------+---------------------------+-------------+--------------+
Note: For table entries with two numbers listed, the numbers in parentheses indicate the number of resources of the given type used by the specific entity alone. The numbers listed outside of parentheses indicate the total resources of the given type used by the specific entity and all of its sub-entities in the hierarchy.


+-----------------------------------------------------------------------------------+
; Registers Removed During Synthesis                                                ;
+----------------------------------------+------------------------------------------+
; Register name                          ; Reason for Removal                       ;
+----------------------------------------+------------------------------------------+
; enc2freq:enc2freq_1|freq[11..31]       ; Merged with enc2freq:enc2freq_1|freq[10] ;
; tonegen:tonegen_1|count[0]             ; Stuck at GND due to stuck port data_in   ;
; enc2freq:enc2freq_1|freq[10]           ; Stuck at GND due to stuck port data_in   ;
; Total Number of Removed Registers = 23 ;                                          ;
+----------------------------------------+------------------------------------------+


+------------------------------------------------------+
; General Register Statistics                          ;
+----------------------------------------------+-------+
; Statistic                                    ; Value ;
+----------------------------------------------+-------+
; Total registers                              ; 82    ;
; Number of registers using Synchronous Clear  ; 58    ;
; Number of registers using Synchronous Load   ; 0     ;
; Number of registers using Asynchronous Clear ; 0     ;
; Number of registers using Asynchronous Load  ; 0     ;
; Number of registers using Clock Enable       ; 26    ;
; Number of registers using Preset             ; 0     ;
+----------------------------------------------+-------+


+------------------------------------------------------------------------------------------------------------------------------------------------------+
; Multiplexer Restructuring Statistics (Restructuring Performed)                                                                                       ;
+--------------------+-----------+---------------+----------------------+------------------------+------------+----------------------------------------+
; Multiplexer Inputs ; Bus Width ; Baseline Area ; Area if Restructured ; Saving if Restructured ; Registered ; Example Multiplexer Output             ;
+--------------------+-----------+---------------+----------------------+------------------------+------------+----------------------------------------+
; 3:1                ; 8 bits    ; 16 LEs        ; 0 LEs                ; 16 LEs                 ; Yes        ; |lab3|enc2freq:enc2freq_1|countdown[4] ;
; 3:1                ; 31 bits   ; 62 LEs        ; 0 LEs                ; 62 LEs                 ; Yes        ; |lab3|tonegen:tonegen_1|count[24]      ;
; 4:1                ; 10 bits   ; 20 LEs        ; 10 LEs               ; 10 LEs                 ; Yes        ; |lab3|enc2freq:enc2freq_1|freq[8]      ;
; 4:1                ; 2 bits    ; 4 LEs         ; 4 LEs                ; 0 LEs                  ; No         ; |lab3|Mux1                             ;
; 4:1                ; 2 bits    ; 4 LEs         ; 4 LEs                ; 0 LEs                  ; No         ; |lab3|Mux2                             ;
+--------------------+-----------+---------------+----------------------+------------------------+------------+----------------------------------------+


+------------------------------------------------+
; Source assignments for Top-level Entity: |lab3 ;
+-----------------------+-------+------+---------+
; Assignment            ; Value ; From ; To      ;
+-----------------------+-------+------+---------+
; WEAK_PULL_UP_RESISTOR ; ON    ; -    ; enc1_a  ;
; WEAK_PULL_UP_RESISTOR ; ON    ; -    ; enc1_b  ;
; WEAK_PULL_UP_RESISTOR ; ON    ; -    ; enc2_a  ;
; WEAK_PULL_UP_RESISTOR ; ON    ; -    ; enc2_b  ;
+-----------------------+-------+------+---------+


+----------------------------------------------------------------+
; Parameter Settings for User Entity Instance: tonegen:tonegen_1 ;
+----------------+----------+------------------------------------+
; Parameter Name ; Value    ; Type                               ;
+----------------+----------+------------------------------------+
; FCLK           ; 50000000 ; Signed Integer                     ;
+----------------+----------+------------------------------------+
Note: In order to hide this table in the UI and the text report file, please set the "Show Parameter Settings in Synthesis Report" option in "Analysis and Synthesis Settings -> More Settings" to "Off".


+-----------------------------------------------------+
; Post-Synthesis Netlist Statistics for Top Partition ;
+-----------------------+-----------------------------+
; Type                  ; Count                       ;
+-----------------------+-----------------------------+
; arriav_ff             ; 82                          ;
;     ENA SCLR          ; 26                          ;
;     SCLR              ; 32                          ;
;     plain             ; 24                          ;
; arriav_lcell_comb     ; 198                         ;
;     arith             ; 88                          ;
;         0 data inputs ; 17                          ;
;         1 data inputs ; 57                          ;
;         2 data inputs ; 14                          ;
;     normal            ; 110                         ;
;         0 data inputs ; 1                           ;
;         1 data inputs ; 10                          ;
;         2 data inputs ; 21                          ;
;         3 data inputs ; 10                          ;
;         4 data inputs ; 28                          ;
;         5 data inputs ; 10                          ;
;         6 data inputs ; 30                          ;
; boundary_port         ; 20                          ;
;                       ;                             ;
; Max LUT depth         ; 7.50                        ;
; Average LUT depth     ; 4.09                        ;
+-----------------------+-----------------------------+


+-------------------------------+
; Elapsed Time Per Partition    ;
+----------------+--------------+
; Partition Name ; Elapsed Time ;
+----------------+--------------+
; Top            ; 00:00:00     ;
+----------------+--------------+


+-------------------------------+
; Analysis & Synthesis Messages ;
+-------------------------------+
Info: *******************************************************************
Info: Running Quartus Prime Analysis & Synthesis
    Info: Version 18.1.0 Build 625 09/12/2018 SJ Lite Edition
    Info: Processing started: Mon Jan 29 09:50:18 2024
Info: Command: quartus_map --read_settings_files=on --write_settings_files=off lab3 -c lab3
Warning (18236): Number of processors has not been specified which may cause overloading on shared machines.  Set the global assignment NUM_PARALLEL_PROCESSORS in your QSF to an appropriate value for best performance.
Info (20030): Parallel compilation is enabled and will use 2 of the 2 processors detected
Info (12021): Found 1 design units, including 1 entities, in source file decode7.sv
    Info (12023): Found entity 1: decode7 File: C:/Users/nicws/OneDrive/Desktop/2nd year Beng/Term 6/ELEX 7660/Labs/x7660/Lab3/decode7.sv Line: 6
Info (12021): Found 1 design units, including 1 entities, in source file decode2.sv
    Info (12023): Found entity 1: decode2 File: C:/Users/nicws/OneDrive/Desktop/2nd year Beng/Term 6/ELEX 7660/Labs/x7660/Lab3/decode2.sv Line: 6
Info (12021): Found 1 design units, including 1 entities, in source file tonegen.sv
    Info (12023): Found entity 1: tonegen File: C:/Users/nicws/OneDrive/Desktop/2nd year Beng/Term 6/ELEX 7660/Labs/x7660/Lab3/tonegen.sv Line: 6
Info (12021): Found 1 design units, including 1 entities, in source file lab3.sv
    Info (12023): Found entity 1: lab3 File: C:/Users/nicws/OneDrive/Desktop/2nd year Beng/Term 6/ELEX 7660/Labs/x7660/Lab3/lab3.sv Line: 6
Info (12021): Found 1 design units, including 1 entities, in source file encoder.sv
    Info (12023): Found entity 1: encoder File: C:/Users/nicws/OneDrive/Desktop/2nd year Beng/Term 6/ELEX 7660/Labs/x7660/Lab3/encoder.sv Line: 6
Info (12021): Found 1 design units, including 1 entities, in source file enc2freq.sv
    Info (12023): Found entity 1: enc2freq File: C:/Users/nicws/OneDrive/Desktop/2nd year Beng/Term 6/ELEX 7660/Labs/x7660/Lab3/enc2freq.sv Line: 6
Info (12127): Elaborating entity "lab3" for the top level hierarchy
Info (12128): Elaborating entity "decode2" for hierarchy "decode2:decode2_0" File: C:/Users/nicws/OneDrive/Desktop/2nd year Beng/Term 6/ELEX 7660/Labs/x7660/Lab3/lab3.sv Line: 25
Info (12128): Elaborating entity "decode7" for hierarchy "decode7:decode7_0" File: C:/Users/nicws/OneDrive/Desktop/2nd year Beng/Term 6/ELEX 7660/Labs/x7660/Lab3/lab3.sv Line: 26
Info (12128): Elaborating entity "encoder" for hierarchy "encoder:encoder_1" File: C:/Users/nicws/OneDrive/Desktop/2nd year Beng/Term 6/ELEX 7660/Labs/x7660/Lab3/lab3.sv Line: 28
Info (12128): Elaborating entity "enc2freq" for hierarchy "enc2freq:enc2freq_1" File: C:/Users/nicws/OneDrive/Desktop/2nd year Beng/Term 6/ELEX 7660/Labs/x7660/Lab3/lab3.sv Line: 30
Warning (10230): Verilog HDL assignment warning at enc2freq.sv(17): truncated value with size 32 to match size of target (8) File: C:/Users/nicws/OneDrive/Desktop/2nd year Beng/Term 6/ELEX 7660/Labs/x7660/Lab3/enc2freq.sv Line: 17
Warning (10230): Verilog HDL assignment warning at enc2freq.sv(19): truncated value with size 32 to match size of target (8) File: C:/Users/nicws/OneDrive/Desktop/2nd year Beng/Term 6/ELEX 7660/Labs/x7660/Lab3/enc2freq.sv Line: 19
Warning (10762): Verilog HDL Case Statement warning at enc2freq.sv(22): can't check case statement for completeness because the case expression has too many possible states File: C:/Users/nicws/OneDrive/Desktop/2nd year Beng/Term 6/ELEX 7660/Labs/x7660/Lab3/enc2freq.sv Line: 22
Warning (10762): Verilog HDL Case Statement warning at enc2freq.sv(37): can't check case statement for completeness because the case expression has too many possible states File: C:/Users/nicws/OneDrive/Desktop/2nd year Beng/Term 6/ELEX 7660/Labs/x7660/Lab3/enc2freq.sv Line: 37
Info (12128): Elaborating entity "tonegen" for hierarchy "tonegen:tonegen_1" File: C:/Users/nicws/OneDrive/Desktop/2nd year Beng/Term 6/ELEX 7660/Labs/x7660/Lab3/lab3.sv Line: 32
Info (13014): Ignored 2 buffer(s)
    Info (13019): Ignored 2 SOFT buffer(s)
Warning (13024): Output pins are stuck at VCC or GND
    Warning (13410): Pin "leds[7]" is stuck at GND File: C:/Users/nicws/OneDrive/Desktop/2nd year Beng/Term 6/ELEX 7660/Labs/x7660/Lab3/lab3.sv Line: 12
Info (286030): Timing-Driven Synthesis is running
Info (16010): Generating hard_block partition "hard_block:auto_generated_inst"
    Info (16011): Adding 0 node(s), including 0 DDIO, 0 PLL, 0 transceiver and 0 LCELL
Warning (21074): Design contains 2 input pin(s) that do not drive logic
    Warning (15610): No output dependent on input pin "enc2_a" File: C:/Users/nicws/OneDrive/Desktop/2nd year Beng/Term 6/ELEX 7660/Labs/x7660/Lab3/lab3.sv Line: 10
    Warning (15610): No output dependent on input pin "enc2_b" File: C:/Users/nicws/OneDrive/Desktop/2nd year Beng/Term 6/ELEX 7660/Labs/x7660/Lab3/lab3.sv Line: 10
Info (21057): Implemented 213 device resources after synthesis - the final resource count might be different
    Info (21058): Implemented 7 input pins
    Info (21059): Implemented 13 output pins
    Info (21061): Implemented 193 logic cells
Info: Quartus Prime Analysis & Synthesis was successful. 0 errors, 10 warnings
    Info: Peak virtual memory: 4810 megabytes
    Info: Processing ended: Mon Jan 29 09:50:30 2024
    Info: Elapsed time: 00:00:12
    Info: Total CPU time (on all processors): 00:00:14


