Analysis & Synthesis report for lab4
Tue Feb 06 13:35:15 2024
Quartus Prime Version 18.1.0 Build 625 09/12/2018 SJ Lite Edition


---------------------
; Table of Contents ;
---------------------
  1. Legal Notice
  2. Analysis & Synthesis Summary
  3. Analysis & Synthesis Settings
  4. Parallel Compilation
  5. Analysis & Synthesis Source Files Read
  6. Analysis & Synthesis Resource Usage Summary
  7. Analysis & Synthesis Resource Utilization by Entity
  8. Logic Cells Representing Combinational Loops
  9. Registers Removed During Synthesis
 10. General Register Statistics
 11. Inverted Register Statistics
 12. Multiplexer Restructuring Statistics (Restructuring Performed)
 13. Source assignments for Top-level Entity: |lab4
 14. Port Connectivity Checks: "enc2chan:enc2chan_1"
 15. Post-Synthesis Netlist Statistics for Top Partition
 16. Elapsed Time Per Partition
 17. Analysis & Synthesis Messages



----------------
; Legal Notice ;
----------------
Copyright (C) 2018  Intel Corporation. All rights reserved.
Your use of Intel Corporation's design tools, logic functions 
and other software and tools, and its AMPP partner logic 
functions, and any output files from any of the foregoing 
(including device programming or simulation files), and any 
associated documentation or information are expressly subject 
to the terms and conditions of the Intel Program License 
Subscription Agreement, the Intel Quartus Prime License Agreement,
the Intel FPGA IP License Agreement, or other applicable license
agreement, including, without limitation, that your use is for
the sole purpose of programming logic devices manufactured by
Intel and sold by Intel or its authorized distributors.  Please
refer to the applicable agreement for further details.



+-------------------------------------------------------------------------------+
; Analysis & Synthesis Summary                                                  ;
+---------------------------------+---------------------------------------------+
; Analysis & Synthesis Status     ; Successful - Tue Feb 06 13:35:15 2024       ;
; Quartus Prime Version           ; 18.1.0 Build 625 09/12/2018 SJ Lite Edition ;
; Revision Name                   ; lab4                                        ;
; Top-level Entity Name           ; lab4                                        ;
; Family                          ; Cyclone V                                   ;
; Logic utilization (in ALMs)     ; N/A                                         ;
; Total registers                 ; 66                                          ;
; Total pins                      ; 23                                          ;
; Total virtual pins              ; 0                                           ;
; Total block memory bits         ; 0                                           ;
; Total DSP Blocks                ; 0                                           ;
; Total HSSI RX PCSs              ; 0                                           ;
; Total HSSI PMA RX Deserializers ; 0                                           ;
; Total HSSI TX PCSs              ; 0                                           ;
; Total HSSI PMA TX Serializers   ; 0                                           ;
; Total PLLs                      ; 0                                           ;
; Total DLLs                      ; 0                                           ;
+---------------------------------+---------------------------------------------+


+---------------------------------------------------------------------------------------------------------------------------+
; Analysis & Synthesis Settings                                                                                             ;
+---------------------------------------------------------------------------------+--------------------+--------------------+
; Option                                                                          ; Setting            ; Default Value      ;
+---------------------------------------------------------------------------------+--------------------+--------------------+
; Device                                                                          ; 5CSEMA4U23C6       ;                    ;
; Top-level entity name                                                           ; lab4               ; lab4               ;
; Family name                                                                     ; Cyclone V          ; Cyclone V          ;
; Use smart compilation                                                           ; Off                ; Off                ;
; Enable parallel Assembler and Timing Analyzer during compilation                ; On                 ; On                 ;
; Enable compact report table                                                     ; Off                ; Off                ;
; Restructure Multiplexers                                                        ; Auto               ; Auto               ;
; MLAB Add Timing Constraints For Mixed-Port Feed-Through Mode Setting Don't Care ; Off                ; Off                ;
; Create Debugging Nodes for IP Cores                                             ; Off                ; Off                ;
; Preserve fewer node names                                                       ; On                 ; On                 ;
; Intel FPGA IP Evaluation Mode                                                   ; Enable             ; Enable             ;
; Verilog Version                                                                 ; Verilog_2001       ; Verilog_2001       ;
; VHDL Version                                                                    ; VHDL_1993          ; VHDL_1993          ;
; State Machine Processing                                                        ; Auto               ; Auto               ;
; Safe State Machine                                                              ; Off                ; Off                ;
; Extract Verilog State Machines                                                  ; On                 ; On                 ;
; Extract VHDL State Machines                                                     ; On                 ; On                 ;
; Ignore Verilog initial constructs                                               ; Off                ; Off                ;
; Iteration limit for constant Verilog loops                                      ; 5000               ; 5000               ;
; Iteration limit for non-constant Verilog loops                                  ; 250                ; 250                ;
; Add Pass-Through Logic to Inferred RAMs                                         ; On                 ; On                 ;
; Infer RAMs from Raw Logic                                                       ; On                 ; On                 ;
; Parallel Synthesis                                                              ; On                 ; On                 ;
; DSP Block Balancing                                                             ; Auto               ; Auto               ;
; NOT Gate Push-Back                                                              ; On                 ; On                 ;
; Power-Up Don't Care                                                             ; On                 ; On                 ;
; Remove Redundant Logic Cells                                                    ; Off                ; Off                ;
; Remove Duplicate Registers                                                      ; On                 ; On                 ;
; Ignore CARRY Buffers                                                            ; Off                ; Off                ;
; Ignore CASCADE Buffers                                                          ; Off                ; Off                ;
; Ignore GLOBAL Buffers                                                           ; Off                ; Off                ;
; Ignore ROW GLOBAL Buffers                                                       ; Off                ; Off                ;
; Ignore LCELL Buffers                                                            ; Off                ; Off                ;
; Ignore SOFT Buffers                                                             ; On                 ; On                 ;
; Limit AHDL Integers to 32 Bits                                                  ; Off                ; Off                ;
; Optimization Technique                                                          ; Balanced           ; Balanced           ;
; Carry Chain Length                                                              ; 70                 ; 70                 ;
; Auto Carry Chains                                                               ; On                 ; On                 ;
; Auto Open-Drain Pins                                                            ; On                 ; On                 ;
; Perform WYSIWYG Primitive Resynthesis                                           ; Off                ; Off                ;
; Auto ROM Replacement                                                            ; On                 ; On                 ;
; Auto RAM Replacement                                                            ; On                 ; On                 ;
; Auto DSP Block Replacement                                                      ; On                 ; On                 ;
; Auto Shift Register Replacement                                                 ; Auto               ; Auto               ;
; Allow Shift Register Merging across Hierarchies                                 ; Auto               ; Auto               ;
; Auto Clock Enable Replacement                                                   ; On                 ; On                 ;
; Strict RAM Replacement                                                          ; Off                ; Off                ;
; Allow Synchronous Control Signals                                               ; On                 ; On                 ;
; Force Use of Synchronous Clear Signals                                          ; Off                ; Off                ;
; Auto Resource Sharing                                                           ; Off                ; Off                ;
; Allow Any RAM Size For Recognition                                              ; Off                ; Off                ;
; Allow Any ROM Size For Recognition                                              ; Off                ; Off                ;
; Allow Any Shift Register Size For Recognition                                   ; Off                ; Off                ;
; Use LogicLock Constraints during Resource Balancing                             ; On                 ; On                 ;
; Ignore translate_off and synthesis_off directives                               ; Off                ; Off                ;
; Timing-Driven Synthesis                                                         ; On                 ; On                 ;
; Report Parameter Settings                                                       ; On                 ; On                 ;
; Report Source Assignments                                                       ; On                 ; On                 ;
; Report Connectivity Checks                                                      ; On                 ; On                 ;
; Ignore Maximum Fan-Out Assignments                                              ; Off                ; Off                ;
; Synchronization Register Chain Length                                           ; 3                  ; 3                  ;
; Power Optimization During Synthesis                                             ; Normal compilation ; Normal compilation ;
; HDL message level                                                               ; Level2             ; Level2             ;
; Suppress Register Optimization Related Messages                                 ; Off                ; Off                ;
; Number of Removed Registers Reported in Synthesis Report                        ; 5000               ; 5000               ;
; Number of Swept Nodes Reported in Synthesis Report                              ; 5000               ; 5000               ;
; Number of Inverted Registers Reported in Synthesis Report                       ; 100                ; 100                ;
; Clock MUX Protection                                                            ; On                 ; On                 ;
; Auto Gated Clock Conversion                                                     ; Off                ; Off                ;
; Block Design Naming                                                             ; Auto               ; Auto               ;
; SDC constraint protection                                                       ; Off                ; Off                ;
; Synthesis Effort                                                                ; Auto               ; Auto               ;
; Shift Register Replacement - Allow Asynchronous Clear Signal                    ; On                 ; On                 ;
; Pre-Mapping Resynthesis Optimization                                            ; Off                ; Off                ;
; Analysis & Synthesis Message Level                                              ; Medium             ; Medium             ;
; Disable Register Merging Across Hierarchies                                     ; Auto               ; Auto               ;
; Resource Aware Inference For Block RAM                                          ; On                 ; On                 ;
; Automatic Parallel Synthesis                                                    ; On                 ; On                 ;
; Partial Reconfiguration Bitstream ID                                            ; Off                ; Off                ;
+---------------------------------------------------------------------------------+--------------------+--------------------+


+------------------------------------------+
; Parallel Compilation                     ;
+----------------------------+-------------+
; Processors                 ; Number      ;
+----------------------------+-------------+
; Number detected on machine ; 4           ;
; Maximum allowed            ; 2           ;
;                            ;             ;
; Average used               ; 1.00        ;
; Maximum used               ; 2           ;
;                            ;             ;
; Usage by Processor         ; % Time Used ;
;     Processor 1            ; 100.0%      ;
;     Processor 2            ;   0.0%      ;
+----------------------------+-------------+


+----------------------------------------------------------------------------------------------------------------------------------------------------------------------------------------------+
; Analysis & Synthesis Source Files Read                                                                                                                                                       ;
+----------------------------------+-----------------+------------------------------+------------------------------------------------------------------------------------------------+---------+
; File Name with User-Entered Path ; Used in Netlist ; File Type                    ; File Name with Absolute Path                                                                   ; Library ;
+----------------------------------+-----------------+------------------------------+------------------------------------------------------------------------------------------------+---------+
; lab4.sv                          ; yes             ; User SystemVerilog HDL File  ; C:/Users/nicws/OneDrive/Desktop/2nd year Beng/Term 6/ELEX 7660/Labs/x7660/Lab4/lab4.sv         ;         ;
; encoder.sv                       ; yes             ; User SystemVerilog HDL File  ; C:/Users/nicws/OneDrive/Desktop/2nd year Beng/Term 6/ELEX 7660/Labs/x7660/Lab4/encoder.sv      ;         ;
; enc2chan.sv                      ; yes             ; User SystemVerilog HDL File  ; C:/Users/nicws/OneDrive/Desktop/2nd year Beng/Term 6/ELEX 7660/Labs/x7660/Lab4/enc2chan.sv     ;         ;
; decode7.sv                       ; yes             ; User SystemVerilog HDL File  ; C:/Users/nicws/OneDrive/Desktop/2nd year Beng/Term 6/ELEX 7660/Labs/x7660/Lab4/decode7.sv      ;         ;
; decode2.sv                       ; yes             ; User SystemVerilog HDL File  ; C:/Users/nicws/OneDrive/Desktop/2nd year Beng/Term 6/ELEX 7660/Labs/x7660/Lab4/decode2.sv      ;         ;
; adcinterface.sv                  ; yes             ; User SystemVerilog HDL File  ; C:/Users/nicws/OneDrive/Desktop/2nd year Beng/Term 6/ELEX 7660/Labs/x7660/Lab4/adcinterface.sv ;         ;
+----------------------------------+-----------------+------------------------------+------------------------------------------------------------------------------------------------+---------+


+--------------------------------------------------------------+
; Analysis & Synthesis Resource Usage Summary                  ;
+---------------------------------------------+----------------+
; Resource                                    ; Usage          ;
+---------------------------------------------+----------------+
; Estimate of Logic utilization (ALMs needed) ; 46             ;
;                                             ;                ;
; Combinational ALUT usage for logic          ; 82             ;
;     -- 7 input functions                    ; 0              ;
;     -- 6 input functions                    ; 6              ;
;     -- 5 input functions                    ; 13             ;
;     -- 4 input functions                    ; 17             ;
;     -- <=3 input functions                  ; 46             ;
;                                             ;                ;
; Dedicated logic registers                   ; 66             ;
;                                             ;                ;
; I/O pins                                    ; 23             ;
;                                             ;                ;
; Total DSP Blocks                            ; 0              ;
;                                             ;                ;
; Maximum fan-out node                        ; CLOCK_50~input ;
; Maximum fan-out                             ; 41             ;
; Total fan-out                               ; 482            ;
; Average fan-out                             ; 2.48           ;
+---------------------------------------------+----------------+


+-------------------------------------------------------------------------------------------------------------------------------------------------------------------------------------------------------------+
; Analysis & Synthesis Resource Utilization by Entity                                                                                                                                                         ;
+----------------------------------+---------------------+---------------------------+-------------------+------------+------+--------------+-----------------------------------+--------------+--------------+
; Compilation Hierarchy Node       ; Combinational ALUTs ; Dedicated Logic Registers ; Block Memory Bits ; DSP Blocks ; Pins ; Virtual Pins ; Full Hierarchy Name               ; Entity Name  ; Library Name ;
+----------------------------------+---------------------+---------------------------+-------------------+------------+------+--------------+-----------------------------------+--------------+--------------+
; |lab4                            ; 82 (20)             ; 66 (16)                   ; 0                 ; 0          ; 23   ; 0            ; |lab4                             ; lab4         ; work         ;
;    |adcinterface:adcinterface_1| ; 26 (26)             ; 25 (25)                   ; 0                 ; 0          ; 0    ; 0            ; |lab4|adcinterface:adcinterface_1 ; adcinterface ; work         ;
;    |decode2:decode2_0|           ; 4 (4)               ; 0 (0)                     ; 0                 ; 0          ; 0    ; 0            ; |lab4|decode2:decode2_0           ; decode2      ; work         ;
;    |decode7:decode7_0|           ; 7 (7)               ; 0 (0)                     ; 0                 ; 0          ; 0    ; 0            ; |lab4|decode7:decode7_0           ; decode7      ; work         ;
;    |enc2chan:enc2chan_1|         ; 23 (23)             ; 19 (19)                   ; 0                 ; 0          ; 0    ; 0            ; |lab4|enc2chan:enc2chan_1         ; enc2chan     ; work         ;
;    |encoder:encoder_1|           ; 2 (2)               ; 6 (6)                     ; 0                 ; 0          ; 0    ; 0            ; |lab4|encoder:encoder_1           ; encoder      ; work         ;
+----------------------------------+---------------------+---------------------------+-------------------+------------+------+--------------+-----------------------------------+--------------+--------------+
Note: For table entries with two numbers listed, the numbers in parentheses indicate the number of resources of the given type used by the specific entity alone. The numbers listed outside of parentheses indicate the total resources of the given type used by the specific entity and all of its sub-entities in the hierarchy.


+------------------------------------------------------------+
; Logic Cells Representing Combinational Loops               ;
+--------------------------------------------------------+---+
; Logic Cell Name                                        ;   ;
+--------------------------------------------------------+---+
; adcinterface:adcinterface_1|count[2]~0                 ;   ;
; adcinterface:adcinterface_1|count[1]~1                 ;   ;
; adcinterface:adcinterface_1|LessThan0~0                ;   ;
; adcinterface:adcinterface_1|count[0]~2                 ;   ;
; Number of logic cells representing combinational loops ; 4 ;
+--------------------------------------------------------+---+
Note: All cells listed above may not be present at the end of synthesis due to various synthesis optimizations.


+--------------------------------------------------------------------------------+
; Registers Removed During Synthesis                                             ;
+---------------------------------------+----------------------------------------+
; Register name                         ; Reason for Removal                     ;
+---------------------------------------+----------------------------------------+
; enc2chan:enc2chan_1|chan[3]           ; Stuck at GND due to stuck port data_in ;
; adcinterface:adcinterface_1|ADC_SDI   ; Stuck at GND due to stuck port data_in ;
; Total Number of Removed Registers = 2 ;                                        ;
+---------------------------------------+----------------------------------------+


+------------------------------------------------------+
; General Register Statistics                          ;
+----------------------------------------------+-------+
; Statistic                                    ; Value ;
+----------------------------------------------+-------+
; Total registers                              ; 66    ;
; Number of registers using Synchronous Clear  ; 19    ;
; Number of registers using Synchronous Load   ; 0     ;
; Number of registers using Asynchronous Clear ; 1     ;
; Number of registers using Asynchronous Load  ; 0     ;
; Number of registers using Clock Enable       ; 28    ;
; Number of registers using Preset             ; 0     ;
+----------------------------------------------+-------+


+--------------------------------------------------+
; Inverted Register Statistics                     ;
+----------------------------------------+---------+
; Inverted Register                      ; Fan out ;
+----------------------------------------+---------+
; adcinterface:adcinterface_1|ADC_CONVST ; 2       ;
; Total number of inverted registers = 1 ;         ;
+----------------------------------------+---------+


+------------------------------------------------------------------------------------------------------------------------------------------------------+
; Multiplexer Restructuring Statistics (Restructuring Performed)                                                                                       ;
+--------------------+-----------+---------------+----------------------+------------------------+------------+----------------------------------------+
; Multiplexer Inputs ; Bus Width ; Baseline Area ; Area if Restructured ; Saving if Restructured ; Registered ; Example Multiplexer Output             ;
+--------------------+-----------+---------------+----------------------+------------------------+------------+----------------------------------------+
; 3:1                ; 8 bits    ; 16 LEs        ; 0 LEs                ; 16 LEs                 ; Yes        ; |lab4|enc2chan:enc2chan_1|countdown[7] ;
; 4:1                ; 3 bits    ; 6 LEs         ; 6 LEs                ; 0 LEs                  ; No         ; |lab4|Mux3                             ;
+--------------------+-----------+---------------+----------------------+------------------------+------------+----------------------------------------+


+------------------------------------------------+
; Source assignments for Top-level Entity: |lab4 ;
+-----------------------+-------+------+---------+
; Assignment            ; Value ; From ; To      ;
+-----------------------+-------+------+---------+
; WEAK_PULL_UP_RESISTOR ; ON    ; -    ; enc1_a  ;
; WEAK_PULL_UP_RESISTOR ; ON    ; -    ; enc1_b  ;
; WEAK_PULL_UP_RESISTOR ; ON    ; -    ; enc2_a  ;
; WEAK_PULL_UP_RESISTOR ; ON    ; -    ; enc2_b  ;
+-----------------------+-------+------+---------+


+----------------------------------------------------------------------------------------------------------------------------------------------------+
; Port Connectivity Checks: "enc2chan:enc2chan_1"                                                                                                    ;
+------+--------+----------+-------------------------------------------------------------------------------------------------------------------------+
; Port ; Type   ; Severity ; Details                                                                                                                 ;
+------+--------+----------+-------------------------------------------------------------------------------------------------------------------------+
; chan ; Output ; Warning  ; Output or bidir port (4 bits) is wider than the port expression (3 bits) it drives; bit(s) "chan[3..3]" have no fanouts ;
+------+--------+----------+-------------------------------------------------------------------------------------------------------------------------+


+-----------------------------------------------------+
; Post-Synthesis Netlist Statistics for Top Partition ;
+-----------------------+-----------------------------+
; Type                  ; Count                       ;
+-----------------------+-----------------------------+
; arriav_ff             ; 66                          ;
;     CLR               ; 1                           ;
;     ENA               ; 12                          ;
;     ENA SCLR          ; 16                          ;
;     SCLR              ; 3                           ;
;     plain             ; 34                          ;
; arriav_lcell_comb     ; 93                          ;
;     arith             ; 31                          ;
;         1 data inputs ; 28                          ;
;         2 data inputs ; 3                           ;
;     normal            ; 62                          ;
;         0 data inputs ; 1                           ;
;         1 data inputs ; 11                          ;
;         2 data inputs ; 8                           ;
;         3 data inputs ; 6                           ;
;         4 data inputs ; 17                          ;
;         5 data inputs ; 13                          ;
;         6 data inputs ; 6                           ;
; boundary_port         ; 23                          ;
;                       ;                             ;
; Max LUT depth         ; 3.00                        ;
; Average LUT depth     ; 1.89                        ;
+-----------------------+-----------------------------+


+-------------------------------+
; Elapsed Time Per Partition    ;
+----------------+--------------+
; Partition Name ; Elapsed Time ;
+----------------+--------------+
; Top            ; 00:00:00     ;
+----------------+--------------+


+-------------------------------+
; Analysis & Synthesis Messages ;
+-------------------------------+
Info: *******************************************************************
Info: Running Quartus Prime Analysis & Synthesis
    Info: Version 18.1.0 Build 625 09/12/2018 SJ Lite Edition
    Info: Processing started: Tue Feb 06 13:35:01 2024
Info: Command: quartus_map --read_settings_files=on --write_settings_files=off lab4 -c lab4
Warning (18236): Number of processors has not been specified which may cause overloading on shared machines.  Set the global assignment NUM_PARALLEL_PROCESSORS in your QSF to an appropriate value for best performance.
Info (20030): Parallel compilation is enabled and will use 2 of the 2 processors detected
Info (12021): Found 1 design units, including 1 entities, in source file lab4.sv
    Info (12023): Found entity 1: lab4 File: C:/Users/nicws/OneDrive/Desktop/2nd year Beng/Term 6/ELEX 7660/Labs/x7660/Lab4/lab4.sv Line: 7
Info (12021): Found 1 design units, including 1 entities, in source file encoder.sv
    Info (12023): Found entity 1: encoder File: C:/Users/nicws/OneDrive/Desktop/2nd year Beng/Term 6/ELEX 7660/Labs/x7660/Lab4/encoder.sv Line: 6
Info (12021): Found 1 design units, including 1 entities, in source file enc2chan.sv
    Info (12023): Found entity 1: enc2chan File: C:/Users/nicws/OneDrive/Desktop/2nd year Beng/Term 6/ELEX 7660/Labs/x7660/Lab4/enc2chan.sv Line: 7
Info (12021): Found 1 design units, including 1 entities, in source file decode7.sv
    Info (12023): Found entity 1: decode7 File: C:/Users/nicws/OneDrive/Desktop/2nd year Beng/Term 6/ELEX 7660/Labs/x7660/Lab4/decode7.sv Line: 6
Info (12021): Found 1 design units, including 1 entities, in source file decode2.sv
    Info (12023): Found entity 1: decode2 File: C:/Users/nicws/OneDrive/Desktop/2nd year Beng/Term 6/ELEX 7660/Labs/x7660/Lab4/decode2.sv Line: 6
Info (12021): Found 1 design units, including 1 entities, in source file adcinterface.sv
    Info (12023): Found entity 1: adcinterface File: C:/Users/nicws/OneDrive/Desktop/2nd year Beng/Term 6/ELEX 7660/Labs/x7660/Lab4/adcinterface.sv Line: 7
Info (12127): Elaborating entity "lab4" for the top level hierarchy
Info (12128): Elaborating entity "decode2" for hierarchy "decode2:decode2_0" File: C:/Users/nicws/OneDrive/Desktop/2nd year Beng/Term 6/ELEX 7660/Labs/x7660/Lab4/lab4.sv Line: 29
Info (12128): Elaborating entity "decode7" for hierarchy "decode7:decode7_0" File: C:/Users/nicws/OneDrive/Desktop/2nd year Beng/Term 6/ELEX 7660/Labs/x7660/Lab4/lab4.sv Line: 30
Info (12128): Elaborating entity "encoder" for hierarchy "encoder:encoder_1" File: C:/Users/nicws/OneDrive/Desktop/2nd year Beng/Term 6/ELEX 7660/Labs/x7660/Lab4/lab4.sv Line: 31
Info (12128): Elaborating entity "enc2chan" for hierarchy "enc2chan:enc2chan_1" File: C:/Users/nicws/OneDrive/Desktop/2nd year Beng/Term 6/ELEX 7660/Labs/x7660/Lab4/lab4.sv Line: 32
Warning (10230): Verilog HDL assignment warning at enc2chan.sv(18): truncated value with size 32 to match size of target (8) File: C:/Users/nicws/OneDrive/Desktop/2nd year Beng/Term 6/ELEX 7660/Labs/x7660/Lab4/enc2chan.sv Line: 18
Warning (10230): Verilog HDL assignment warning at enc2chan.sv(20): truncated value with size 32 to match size of target (8) File: C:/Users/nicws/OneDrive/Desktop/2nd year Beng/Term 6/ELEX 7660/Labs/x7660/Lab4/enc2chan.sv Line: 20
Info (12128): Elaborating entity "adcinterface" for hierarchy "adcinterface:adcinterface_1" File: C:/Users/nicws/OneDrive/Desktop/2nd year Beng/Term 6/ELEX 7660/Labs/x7660/Lab4/lab4.sv Line: 33
Warning (10230): Verilog HDL assignment warning at adcinterface.sv(38): truncated value with size 32 to match size of target (4) File: C:/Users/nicws/OneDrive/Desktop/2nd year Beng/Term 6/ELEX 7660/Labs/x7660/Lab4/adcinterface.sv Line: 38
Critical Warning (10237): Verilog HDL warning at adcinterface.sv(38): can't infer register for assignment in edge-triggered always construct because the clock isn't obvious. Generated combinational logic instead File: C:/Users/nicws/OneDrive/Desktop/2nd year Beng/Term 6/ELEX 7660/Labs/x7660/Lab4/adcinterface.sv Line: 38
Warning (10030): Net "word" at adcinterface.sv(17) has no driver or initial value, using a default initial value '0' File: C:/Users/nicws/OneDrive/Desktop/2nd year Beng/Term 6/ELEX 7660/Labs/x7660/Lab4/adcinterface.sv Line: 17
Info (13014): Ignored 2 buffer(s)
    Info (13019): Ignored 2 SOFT buffer(s)
Warning (12241): 1 hierarchies have connectivity warnings - see the Connectivity Checks report folder
Warning (13024): Output pins are stuck at VCC or GND
    Warning (13410): Pin "leds[7]" is stuck at GND File: C:/Users/nicws/OneDrive/Desktop/2nd year Beng/Term 6/ELEX 7660/Labs/x7660/Lab4/lab4.sv Line: 14
    Warning (13410): Pin "ADC_SDI" is stuck at GND File: C:/Users/nicws/OneDrive/Desktop/2nd year Beng/Term 6/ELEX 7660/Labs/x7660/Lab4/lab4.sv Line: 17
Info (286030): Timing-Driven Synthesis is running
Info (16010): Generating hard_block partition "hard_block:auto_generated_inst"
    Info (16011): Adding 0 node(s), including 0 DDIO, 0 PLL, 0 transceiver and 0 LCELL
Warning (21074): Design contains 3 input pin(s) that do not drive logic
    Warning (15610): No output dependent on input pin "enc2_a" File: C:/Users/nicws/OneDrive/Desktop/2nd year Beng/Term 6/ELEX 7660/Labs/x7660/Lab4/lab4.sv Line: 12
    Warning (15610): No output dependent on input pin "enc2_b" File: C:/Users/nicws/OneDrive/Desktop/2nd year Beng/Term 6/ELEX 7660/Labs/x7660/Lab4/lab4.sv Line: 12
    Warning (15610): No output dependent on input pin "s2" File: C:/Users/nicws/OneDrive/Desktop/2nd year Beng/Term 6/ELEX 7660/Labs/x7660/Lab4/lab4.sv Line: 13
Info (21057): Implemented 121 device resources after synthesis - the final resource count might be different
    Info (21058): Implemented 8 input pins
    Info (21059): Implemented 15 output pins
    Info (21061): Implemented 98 logic cells
Info: Quartus Prime Analysis & Synthesis was successful. 0 errors, 14 warnings
    Info: Peak virtual memory: 4806 megabytes
    Info: Processing ended: Tue Feb 06 13:35:15 2024
    Info: Elapsed time: 00:00:14
    Info: Total CPU time (on all processors): 00:00:23


